<?xml version="1.0" encoding="UTF-8"?>
<!-- Generated by org.testng.reporters.JUnitXMLReporter -->
<testsuite hostname="BLRW3003911" name="LoginCaseOne" tests="2" failures="0" timestamp="15 Jun 2015 09:11:09 GMT" time="18.03" errors="0">
  <testcase name="LoginCaseOneTest" time="17.709" classname="com.np.TestCases.LoginSuite.LoginCaseOne"/>
  <testcase name="LoginCaseOneTest" time="0.08" classname="com.np.TestCases.LoginSuite.LoginCaseOne">
    <skipped/>
  </testcase> <!-- LoginCaseOneTest -->
</testsuite> <!-- LoginCaseOne -->
