<?xml version="1.0" encoding="UTF-8"?>
<!-- Generated by org.testng.reporters.JUnitXMLReporter -->
<testsuite hostname="BLRW3004047" name="LoginCaseTwo" tests="1" failures="0" timestamp="10 Mar 2015 09:36:51 GMT" time="0.009" errors="0">
  <testcase name="@BeforeSuite checkSuiteToRun" time="0.0" classname="com.np.TestCases.LoginSuite.LoginCaseTwo">
    <skipped/>
  </testcase> <!-- @BeforeSuite checkSuiteToRun -->
  <testcase name="@BeforeTest checkCaseToRun" time="0.0" classname="com.np.TestCases.LoginSuite.LoginCaseTwo">
    <skipped/>
  </testcase> <!-- @BeforeTest checkCaseToRun -->
  <testcase name="@AfterTest closeBrowser" time="0.0" classname="com.np.TestCases.LoginSuite.LoginCaseTwo">
    <skipped/>
  </testcase> <!-- @AfterTest closeBrowser -->
  <testcase name="LoginCaseTwoTest" time="0.001" classname="com.np.TestCases.LoginSuite.LoginCaseTwo">
    <skipped/>
  </testcase> <!-- LoginCaseTwoTest -->
</testsuite> <!-- LoginCaseTwo -->
