<?xml version="1.0" encoding="UTF-8"?>
<!-- Generated by org.testng.reporters.JUnitXMLReporter -->
<testsuite hostname="BLRW3004047" name="CreateNewSalesRep(failed)" tests="2" failures="0" timestamp="10 Mar 2015 14:01:43 GMT" time="53.097" errors="0">
  <testcase name="CreateNewSalesRepTest" time="52.821" classname="com.np.TestCases.SalesRepSuite.CreateNewSalesRep"/>
  <testcase name="CreateNewSalesRepTest" time="0.003" classname="com.np.TestCases.SalesRepSuite.CreateNewSalesRep">
    <skipped/>
  </testcase> <!-- CreateNewSalesRepTest -->
</testsuite> <!-- CreateNewSalesRep(failed) -->
