<?xml version="1.0" encoding="UTF-8"?>
<!-- Generated by org.testng.reporters.JUnitXMLReporter -->
<testsuite hostname="BLRW3004047" name="SuiteTwoCaseTwo" tests="2" failures="0" timestamp="10 Mar 2015 13:31:17 GMT" time="0.036" errors="0">
  <testcase name="@BeforeTest checkCaseToRun" time="0.0" classname="com.np.TestCases.SalesRepSuite.SuiteTwoCaseTwo">
    <skipped/>
  </testcase> <!-- @BeforeTest checkCaseToRun -->
  <testcase name="@AfterMethod reporterDataResults" time="0.0" classname="com.np.TestCases.SalesRepSuite.SuiteTwoCaseTwo">
    <skipped/>
  </testcase> <!-- @AfterMethod reporterDataResults -->
  <testcase name="@AfterMethod reporterDataResults" time="0.0" classname="com.np.TestCases.SalesRepSuite.SuiteTwoCaseTwo">
    <skipped/>
  </testcase> <!-- @AfterMethod reporterDataResults -->
  <testcase name="@AfterTest closeBrowser" time="0.0" classname="com.np.TestCases.SalesRepSuite.SuiteTwoCaseTwo">
    <skipped/>
  </testcase> <!-- @AfterTest closeBrowser -->
  <testcase name="SuiteTwoCaseTwoTest" time="0.005" classname="com.np.TestCases.SalesRepSuite.SuiteTwoCaseTwo">
    <skipped/>
  </testcase> <!-- SuiteTwoCaseTwoTest -->
  <testcase name="SuiteTwoCaseTwoTest" time="0.002" classname="com.np.TestCases.SalesRepSuite.SuiteTwoCaseTwo">
    <skipped/>
  </testcase> <!-- SuiteTwoCaseTwoTest -->
</testsuite> <!-- SuiteTwoCaseTwo -->
