<?xml version="1.0" encoding="UTF-8"?>
<!-- Generated by org.testng.reporters.JUnitXMLReporter -->
<testsuite hostname="BLRW3004047" name="SuiteTwoCaseOne" tests="1" failures="0" timestamp="10 Mar 2015 07:06:56 GMT" time="0.094" errors="0">
  <testcase name="@BeforeTest checkCaseToRun" time="0.0" classname="com.np.TestCases.SuiteTwo.SuiteTwoCaseOne">
    <skipped/>
  </testcase> <!-- @BeforeTest checkCaseToRun -->
  <testcase name="@AfterTest closeBrowser" time="0.0" classname="com.np.TestCases.SuiteTwo.SuiteTwoCaseOne">
    <skipped/>
  </testcase> <!-- @AfterTest closeBrowser -->
  <testcase name="SuiteTwoCaseOneTest" time="0.001" classname="com.np.TestCases.SuiteTwo.SuiteTwoCaseOne">
    <skipped/>
  </testcase> <!-- SuiteTwoCaseOneTest -->
</testsuite> <!-- SuiteTwoCaseOne -->
