<?xml version="1.0" encoding="UTF-8"?>
<!-- Generated by org.testng.reporters.JUnitXMLReporter -->
<testsuite hostname="BLRW3004047" name="LoginCaseOne" tests="1" failures="0" timestamp="10 Mar 2015 09:36:51 GMT" time="0.037" errors="0">
  <testcase name="@BeforeTest checkCaseToRun" time="0.0" classname="com.np.TestCases.LoginSuite.LoginCaseOne">
    <skipped/>
  </testcase> <!-- @BeforeTest checkCaseToRun -->
  <testcase name="@AfterTest closeBrowser" time="0.0" classname="com.np.TestCases.LoginSuite.LoginCaseOne">
    <skipped/>
  </testcase> <!-- @AfterTest closeBrowser -->
  <testcase name="LoginCaseOneTest" time="0.002" classname="com.np.TestCases.LoginSuite.LoginCaseOne">
    <skipped/>
  </testcase> <!-- LoginCaseOneTest -->
</testsuite> <!-- LoginCaseOne -->
