<?xml version="1.0" encoding="UTF-8"?>
<!-- Generated by org.testng.reporters.JUnitXMLReporter -->
<testsuite hostname="BLRW3003911" name="LoginCaseOne" tests="2" failures="0" timestamp="13 May 2015 10:21:56 GMT" time="22.754" errors="0">
  <testcase name="LoginCaseOneTest" time="22.457" classname="com.np.TestCases.LoginSuite.LoginCaseOne"/>
  <testcase name="LoginCaseOneTest" time="0.062" classname="com.np.TestCases.LoginSuite.LoginCaseOne">
    <skipped/>
  </testcase> <!-- LoginCaseOneTest -->
</testsuite> <!-- LoginCaseOne -->
