<?xml version="1.0" encoding="UTF-8"?>
<!-- Generated by org.testng.reporters.JUnitXMLReporter -->
<testsuite hostname="BLRW3003911" name="LoginCaseTwo" tests="2" failures="1" timestamp="15 Jun 2015 09:11:44 GMT" time="34.543" errors="0">
  <testcase name="LoginCaseTwoTest" time="16.17" classname="com.np.TestCases.LoginSuite.LoginCaseTwo"/>
  <testcase name="LoginCaseTwoTest" time="18.121" classname="com.np.TestCases.LoginSuite.LoginCaseTwo">
    <failure type="java.lang.AssertionError" message="The following asserts failed:
ActualResult Value Invalid email or password. And ExpectedResult Value Invalid email or password1. Not Match">
      <![CDATA[java.lang.AssertionError: The following asserts failed:
ActualResult Value Invalid email or password. And ExpectedResult Value Invalid email or password1. Not Match
	at com.np.TestCases.LoginSuite.LoginCaseTwo.LoginCaseTwoTest(LoginCaseTwo.java:93)
... Removed 25 stack frames]]>
    </failure>
  </testcase> <!-- LoginCaseTwoTest -->
</testsuite> <!-- LoginCaseTwo -->
