<?xml version="1.0" encoding="UTF-8"?>
<!-- Generated by org.testng.reporters.JUnitReportReporter -->
<testsuite hostname="BLRW3004047" name="com.np.TestCases.SuiteOne.LoginCaseTwo" tests="2" failures="0" timestamp="9 Mar 2015 14:28:24 GMT" time="66.913" errors="0">
  <testcase name="LoginCaseTwoTest" time="35.394" classname="com.np.TestCases.SuiteOne.LoginCaseTwo"/>
  <testcase name="LoginCaseTwoTest" time="31.519" classname="com.np.TestCases.SuiteOne.LoginCaseTwo"/>
</testsuite> <!-- com.np.TestCases.SuiteOne.LoginCaseTwo -->
