<?xml version="1.0" encoding="UTF-8"?>
<!-- Generated by org.testng.reporters.JUnitXMLReporter -->
<testsuite hostname="BLRW3004047" name="CreateNewSalesRep" tests="2" failures="0" timestamp="10 Mar 2015 09:37:27 GMT" time="35.946" errors="0">
  <testcase name="CreateNewSalesRepTest" time="35.607" classname="com.np.TestCases.SalesRepSuite.CreateNewSalesRep"/>
  <testcase name="CreateNewSalesRepTest" time="0.008" classname="com.np.TestCases.SalesRepSuite.CreateNewSalesRep">
    <skipped/>
  </testcase> <!-- CreateNewSalesRepTest -->
</testsuite> <!-- CreateNewSalesRep -->
